# JRE version: OpenJDK Runtime Environment Temurin-17.0.19+10 (17.0.19+10) (build 17.0.19+10)
# Java VM: OpenJDK 64-Bit Server VM Temurin-17.0.19+10 (17.0.19+10, mixed mode, emulated-client, sharing, tiered, compressed oops, compressed class ptrs, g1 gc, windows-amd64)
GC Precious Log:
 CPUs: 12 total, 2 available
 Memory: 11624M
 Large Page Support: Disabled
 NUMA Support: Disabled
 Compressed Oops: Enabled (Zero based)
 Heap Region Size: 4M
 Heap Min Capacity: 8M
 Heap Initial Capacity: 184M
 Heap Max Capacity: 6G
 Pre-touch: Disabled
 Parallel Workers: 2
 Concurrent Workers: 1
 Concurrent Refinement Workers: 2
 Periodic GC: Disabled
Heap:
 garbage-first heap   total 188416K, used 35409K [0x0000000680000000, 0x0000000800000000)
  region size 4096K, 1 young (4096K), 1 survivors (4096K)
 Metaspace       used 43635K, committed 44288K, reserved 917504K
  class space    used 6663K, committed 6976K, reserved 851968K
GC Heap History (20 events):
Event: 65.056 GC heap after
{Heap after GC invocations=9 (full 0):
 garbage-first heap   total 110592K, used 26298K [0x0000000680000000, 0x0000000800000000)
  region size 4096K, 2 young (8192K), 2 survivors (8192K)
 Metaspace       used 27417K, committed 27840K, reserved 917504K
  class space    used 4227K, committed 4416K, reserved 851968K
}
Event: 72.572 GC heap before
{Heap before GC invocations=9 (full 0):
 garbage-first heap   total 110592K, used 30394K [0x0000000680000000, 0x0000000800000000)
  region size 4096K, 3 young (12288K), 2 survivors (8192K)
 Metaspace       used 27599K, committed 28032K, reserved 917504K
  class space    used 4265K, committed 4480K, reserved 851968K
}
Event: 72.614 GC heap after
{Heap after GC invocations=10 (full 0):
 garbage-first heap   total 110592K, used 27354K [0x0000000680000000, 0x0000000800000000)
  region size 4096K, 1 young (4096K), 1 survivors (4096K)
 Metaspace       used 27599K, committed 28032K, reserved 917504K
  class space    used 4265K, committed 4480K, reserved 851968K
}
Event: 106.607 GC heap before
{Heap before GC invocations=10 (full 0):
 garbage-first heap   total 110592K, used 80602K [0x0000000680000000, 0x0000000800000000)
  region size 4096K, 15 young (61440K), 1 survivors (4096K)
 Metaspace       used 33493K, committed 34048K, reserved 917504K
  class space    used 5050K, committed 5312K, reserved 851968K
}
Event: 106.677 GC heap after
{Heap after GC invocations=11 (full 0):
 garbage-first heap   total 110592K, used 31566K [0x0000000680000000, 0x0000000800000000)
  region size 4096K, 2 young (8192K), 2 survivors (8192K)
 Metaspace       used 33493K, committed 34048K, reserved 917504K
  class space    used 5050K, committed 5312K, reserved 851968K
}
Event: 123.707 GC heap before
{Heap before GC invocations=11 (full 0):
 garbage-first heap   total 110592K, used 80718K [0x0000000680000000, 0x0000000800000000)
  region size 4096K, 14 young (57344K), 2 survivors (8192K)
 Metaspace       used 35069K, committed 35712K, reserved 917504K
  class space    used 5319K, committed 5632K, reserved 851968K
}
Event: 123.767 GC heap after
{Heap after GC invocations=12 (full 0):
 garbage-first heap   total 110592K, used 33169K [0x0000000680000000, 0x0000000800000000)
  region size 4096K, 1 young (4096K), 1 survivors (4096K)
 Metaspace       used 35069K, committed 35712K, reserved 917504K
  class space    used 5319K, committed 5632K, reserved 851968K
}
Event: 140.475 GC heap before
{Heap before GC invocations=12 (full 0):
 garbage-first heap   total 110592K, used 37265K [0x0000000680000000, 0x0000000800000000)
  region size 4096K, 3 young (12288K), 1 survivors (4096K)
 Metaspace       used 35400K, committed 36096K, reserved 917504K
  class space    used 5376K, committed 5696K, reserved 851968K
}
Event: 140.494 GC heap after
{Heap after GC invocations=13 (full 0):
 garbage-first heap   total 110592K, used 33587K [0x0000000680000000, 0x0000000800000000)
  region size 4096K, 1 young (4096K), 1 survivors (4096K)
 Metaspace       used 35400K, committed 36096K, reserved 917504K
  class space    used 5376K, committed 5696K, reserved 851968K
}
Event: 143.455 GC heap before
{Heap before GC invocations=14 (full 0):
 garbage-first heap   total 110592K, used 78643K [0x0000000680000000, 0x0000000800000000)
  region size 4096K, 12 young (49152K), 1 survivors (4096K)
 Metaspace       used 39124K, committed 39872K, reserved 917504K
  class space    used 6005K, committed 6336K, reserved 851968K
}
Event: 143.475 GC heap after
{Heap after GC invocations=15 (full 0):
 garbage-first heap   total 110592K, used 34300K [0x0000000680000000, 0x0000000800000000)
  region size 4096K, 1 young (4096K), 1 survivors (4096K)
 Metaspace       used 39124K, committed 39872K, reserved 917504K
  class space    used 6005K, committed 6336K, reserved 851968K
}
Event: 335.665 GC heap before
{Heap before GC invocations=15 (full 0):
 garbage-first heap   total 110592K, used 79356K [0x0000000680000000, 0x0000000800000000)
  region size 4096K, 13 young (53248K), 1 survivors (4096K)
 Metaspace       used 41945K, committed 42624K, reserved 917504K
  class space    used 6445K, committed 6784K, reserved 851968K
}
Event: 348.715 GC heap after
{Heap after GC invocations=16 (full 0):
 garbage-first heap   total 110592K, used 35373K [0x0000000680000000, 0x0000000800000000)
  region size 4096K, 1 young (4096K), 1 survivors (4096K)
 Metaspace       used 41945K, committed 42624K, reserved 917504K
  class space    used 6445K, committed 6784K, reserved 851968K
}
Event: 358.650 GC heap before
{Heap before GC invocations=16 (full 0):
 garbage-first heap   total 110592K, used 39469K [0x0000000680000000, 0x0000000800000000)
  region size 4096K, 2 young (8192K), 1 survivors (4096K)
 Metaspace       used 42333K, committed 43072K, reserved 917504K
  class space    used 6497K, committed 6848K, reserved 851968K
}
Event: 361.856 GC heap after
{Heap after GC invocations=17 (full 0):
 garbage-first heap   total 110592K, used 35407K [0x0000000680000000, 0x0000000800000000)
  region size 4096K, 1 young (4096K), 1 survivors (4096K)
 Metaspace       used 42333K, committed 43072K, reserved 917504K
  class space    used 6497K, committed 6848K, reserved 851968K
}
Event: 369.581 GC heap before
{Heap before GC invocations=17 (full 0):
 garbage-first heap   total 110592K, used 39503K [0x0000000680000000, 0x0000000800000000)
  region size 4096K, 2 young (8192K), 1 survivors (4096K)
 Metaspace       used 42813K, committed 43520K, reserved 917504K
  class space    used 6552K, committed 6912K, reserved 851968K
}
Event: 370.299 GC heap after
{Heap after GC invocations=18 (full 0):
 garbage-first heap   total 110592K, used 35372K [0x0000000680000000, 0x0000000800000000)
  region size 4096K, 1 young (4096K), 1 survivors (4096K)
 Metaspace       used 42813K, committed 43520K, reserved 917504K
  class space    used 6552K, committed 6912K, reserved 851968K
}
Event: 379.398 GC heap before
{Heap before GC invocations=18 (full 0):
 garbage-first heap   total 110592K, used 39468K [0x0000000680000000, 0x0000000800000000)
  region size 4096K, 2 young (8192K), 1 survivors (4096K)
 Metaspace       used 43210K, committed 43904K, reserved 917504K
  class space    used 6607K, committed 6912K, reserved 851968K
}
Event: 379.595 GC heap after
{Heap after GC invocations=19 (full 0):
 garbage-first heap   total 110592K, used 35458K [0x0000000680000000, 0x0000000800000000)
  region size 4096K, 1 young (4096K), 1 survivors (4096K)
 Metaspace       used 43210K, committed 43904K, reserved 917504K
  class space    used 6607K, committed 6912K, reserved 851968K
}
Event: 383.621 GC heap before
{Heap before GC invocations=19 (full 0):
 garbage-first heap   total 110592K, used 39554K [0x0000000680000000, 0x0000000800000000)
  region size 4096K, 2 young (8192K), 1 survivors (4096K)
 Metaspace       used 43635K, committed 44288K, reserved 917504K
  class space    used 6663K, committed 6976K, reserved 851968K
}

