# JRE version: OpenJDK Runtime Environment Temurin-17.0.19+10 (17.0.19+10) (build 17.0.19+10)
# Java VM: OpenJDK 64-Bit Server VM Temurin-17.0.19+10 (17.0.19+10, mixed mode, emulated-client, sharing, tiered, compressed oops, compressed class ptrs, g1 gc, windows-amd64)
GC Precious Log:
 CPUs: 12 total, 2 available
 Memory: 11624M
 Large Page Support: Disabled
 NUMA Support: Disabled
 Compressed Oops: Enabled (Zero based)
 Heap Region Size: 4M
 Heap Min Capacity: 8M
 Heap Initial Capacity: 184M
 Heap Max Capacity: 6G
 Pre-touch: Disabled
 Parallel Workers: 2
 Concurrent Workers: 1
 Concurrent Refinement Workers: 2
 Periodic GC: Disabled
Heap:
 garbage-first heap   total 110592K, used 30444K [0x0000000680000000, 0x0000000800000000)
  region size 4096K, 3 young (12288K), 1 survivors (4096K)
 Metaspace       used 27054K, committed 27392K, reserved 917504K
  class space    used 4159K, committed 4352K, reserved 851968K
GC Heap History (18 events):
Event: 1.145 GC heap before
{Heap before GC invocations=0 (full 0):
 garbage-first heap   total 188416K, used 8192K [0x0000000680000000, 0x0000000800000000)
  region size 4096K, 2 young (8192K), 0 survivors (0K)
 Metaspace       used 524K, committed 640K, reserved 917504K
  class space    used 60K, committed 128K, reserved 851968K
}
Event: 1.154 GC heap after
{Heap after GC invocations=1 (full 0):
 garbage-first heap   total 188416K, used 1040K [0x0000000680000000, 0x0000000800000000)
  region size 4096K, 1 young (4096K), 1 survivors (4096K)
 Metaspace       used 524K, committed 640K, reserved 917504K
  class space    used 60K, committed 128K, reserved 851968K
}
Event: 1.354 GC heap before
{Heap before GC invocations=1 (full 0):
 garbage-first heap   total 188416K, used 5136K [0x0000000680000000, 0x0000000800000000)
  region size 4096K, 2 young (8192K), 1 survivors (4096K)
 Metaspace       used 524K, committed 640K, reserved 917504K
  class space    used 60K, committed 128K, reserved 851968K
}
Event: 1.357 GC heap after
{Heap after GC invocations=2 (full 0):
 garbage-first heap   total 188416K, used 1227K [0x0000000680000000, 0x0000000800000000)
  region size 4096K, 1 young (4096K), 1 survivors (4096K)
 Metaspace       used 524K, committed 640K, reserved 917504K
  class space    used 60K, committed 128K, reserved 851968K
}
Event: 2.761 GC heap before
{Heap before GC invocations=2 (full 0):
 garbage-first heap   total 188416K, used 21707K [0x0000000680000000, 0x0000000800000000)
  region size 4096K, 6 young (24576K), 1 survivors (4096K)
 Metaspace       used 1220K, committed 1344K, reserved 917504K
  class space    used 153K, committed 256K, reserved 851968K
}
Event: 2.807 GC heap after
{Heap after GC invocations=3 (full 0):
 garbage-first heap   total 188416K, used 10281K [0x0000000680000000, 0x0000000800000000)
  region size 4096K, 1 young (4096K), 1 survivors (4096K)
 Metaspace       used 1220K, committed 1344K, reserved 917504K
  class space    used 153K, committed 256K, reserved 851968K
}
Event: 21.033 GC heap before
{Heap before GC invocations=3 (full 0):
 garbage-first heap   total 188416K, used 116777K [0x0000000680000000, 0x0000000800000000)
  region size 4096K, 27 young (110592K), 1 survivors (4096K)
 Metaspace       used 8497K, committed 8768K, reserved 917504K
  class space    used 1284K, committed 1408K, reserved 851968K
}
Event: 21.083 GC heap after
{Heap after GC invocations=4 (full 0):
 garbage-first heap   total 188416K, used 19312K [0x0000000680000000, 0x0000000800000000)
  region size 4096K, 4 young (16384K), 4 survivors (16384K)
 Metaspace       used 8497K, committed 8768K, reserved 917504K
  class space    used 1284K, committed 1408K, reserved 851968K
}
Event: 53.171 GC heap before
{Heap before GC invocations=4 (full 0):
 garbage-first heap   total 188416K, used 52080K [0x0000000680000000, 0x0000000800000000)
  region size 4096K, 12 young (49152K), 4 survivors (16384K)
 Metaspace       used 12770K, committed 13056K, reserved 917504K
  class space    used 1962K, committed 2112K, reserved 851968K
}
Event: 53.204 GC heap after
{Heap after GC invocations=5 (full 0):
 garbage-first heap   total 188416K, used 21443K [0x0000000680000000, 0x0000000800000000)
  region size 4096K, 1 young (4096K), 1 survivors (4096K)
 Metaspace       used 12770K, committed 13056K, reserved 917504K
  class space    used 1962K, committed 2112K, reserved 851968K
}
Event: 100.895 GC heap before
{Heap before GC invocations=5 (full 0):
 garbage-first heap   total 188416K, used 86979K [0x0000000680000000, 0x0000000800000000)
  region size 4096K, 18 young (73728K), 1 survivors (4096K)
 Metaspace       used 20002K, committed 20288K, reserved 917504K
  class space    used 2985K, committed 3136K, reserved 851968K
}
Event: 100.927 GC heap after
{Heap after GC invocations=6 (full 0):
 garbage-first heap   total 188416K, used 23783K [0x0000000680000000, 0x0000000800000000)
  region size 4096K, 2 young (8192K), 2 survivors (8192K)
 Metaspace       used 20002K, committed 20288K, reserved 917504K
  class space    used 2985K, committed 3136K, reserved 851968K
}
Event: 101.478 GC heap before
{Heap before GC invocations=6 (full 0):
 garbage-first heap   total 188416K, used 36071K [0x0000000680000000, 0x0000000800000000)
  region size 4096K, 6 young (24576K), 2 survivors (8192K)
 Metaspace       used 21225K, committed 21504K, reserved 917504K
  class space    used 3172K, committed 3328K, reserved 851968K
}
Event: 101.494 GC heap after
{Heap after GC invocations=7 (full 0):
 garbage-first heap   total 188416K, used 24319K [0x0000000680000000, 0x0000000800000000)
  region size 4096K, 2 young (8192K), 2 survivors (8192K)
 Metaspace       used 21225K, committed 21504K, reserved 917504K
  class space    used 3172K, committed 3328K, reserved 851968K
}
Event: 107.207 GC heap before
{Heap before GC invocations=8 (full 0):
 garbage-first heap   total 110592K, used 81663K [0x0000000680000000, 0x0000000800000000)
  region size 4096K, 16 young (65536K), 2 survivors (8192K)
 Metaspace       used 26815K, committed 27200K, reserved 917504K
  class space    used 4120K, committed 4352K, reserved 851968K
}
Event: 107.230 GC heap after
{Heap after GC invocations=9 (full 0):
 garbage-first heap   total 110592K, used 26125K [0x0000000680000000, 0x0000000800000000)
  region size 4096K, 2 young (8192K), 2 survivors (8192K)
 Metaspace       used 26815K, committed 27200K, reserved 917504K
  class space    used 4120K, committed 4352K, reserved 851968K
}
Event: 145.874 GC heap before
{Heap before GC invocations=9 (full 0):
 garbage-first heap   total 110592K, used 30221K [0x0000000680000000, 0x0000000800000000)
  region size 4096K, 3 young (12288K), 2 survivors (8192K)
 Metaspace       used 27027K, committed 27392K, reserved 917504K
  class space    used 4154K, committed 4352K, reserved 851968K
}
Event: 146.034 GC heap after
{Heap after GC invocations=10 (full 0):
 garbage-first heap   total 110592K, used 26348K [0x0000000680000000, 0x0000000800000000)
  region size 4096K, 1 young (4096K), 1 survivors (4096K)
 Metaspace       used 27027K, committed 27392K, reserved 917504K
  class space    used 4154K, committed 4352K, reserved 851968K
}

