# JRE version: OpenJDK Runtime Environment Temurin-17.0.19+10 (17.0.19+10) (build 17.0.19+10)
# Java VM: OpenJDK 64-Bit Server VM Temurin-17.0.19+10 (17.0.19+10, mixed mode, emulated-client, sharing, tiered, compressed oops, compressed class ptrs, g1 gc, windows-amd64)
GC Precious Log:
 CPUs: 12 total, 2 available
 Memory: 11624M
 Large Page Support: Disabled
 NUMA Support: Disabled
 Compressed Oops: Enabled (Zero based)
 Heap Region Size: 4M
 Heap Min Capacity: 8M
 Heap Initial Capacity: 184M
 Heap Max Capacity: 6G
 Pre-touch: Disabled
 Parallel Workers: 2
 Concurrent Workers: 1
 Concurrent Refinement Workers: 2
 Periodic GC: Disabled
Heap:
 garbage-first heap   total 139264K, used 25368K [0x0000000680000000, 0x0000000800000000)
  region size 4096K, 1 young (4096K), 1 survivors (4096K)
 Metaspace       used 23247K, committed 23616K, reserved 917504K
  class space    used 3502K, committed 3648K, reserved 851968K
GC Heap History (20 events):
Event: 164.420 GC heap after
{Heap after GC invocations=8 (full 0):
 garbage-first heap   total 233472K, used 21855K [0x0000000680000000, 0x0000000800000000)
  region size 4096K, 1 young (4096K), 1 survivors (4096K)
 Metaspace       used 15984K, committed 16192K, reserved 917504K
  class space    used 2324K, committed 2432K, reserved 851968K
}
Event: 165.318 GC heap before
{Heap before GC invocations=8 (full 0):
 garbage-first heap   total 233472K, used 25951K [0x0000000680000000, 0x0000000800000000)
  region size 4096K, 2 young (8192K), 1 survivors (4096K)
 Metaspace       used 16315K, committed 16576K, reserved 917504K
  class space    used 2381K, committed 2496K, reserved 851968K
}
Event: 165.324 GC heap after
{Heap after GC invocations=9 (full 0):
 garbage-first heap   total 233472K, used 22112K [0x0000000680000000, 0x0000000800000000)
  region size 4096K, 1 young (4096K), 1 survivors (4096K)
 Metaspace       used 16315K, committed 16576K, reserved 917504K
  class space    used 2381K, committed 2496K, reserved 851968K
}
Event: 166.764 GC heap before
{Heap before GC invocations=9 (full 0):
 garbage-first heap   total 233472K, used 26208K [0x0000000680000000, 0x0000000800000000)
  region size 4096K, 2 young (8192K), 1 survivors (4096K)
 Metaspace       used 16674K, committed 16896K, reserved 917504K
  class space    used 2443K, committed 2560K, reserved 851968K
}
Event: 166.769 GC heap after
{Heap after GC invocations=10 (full 0):
 garbage-first heap   total 233472K, used 22325K [0x0000000680000000, 0x0000000800000000)
  region size 4096K, 1 young (4096K), 1 survivors (4096K)
 Metaspace       used 16674K, committed 16896K, reserved 917504K
  class space    used 2443K, committed 2560K, reserved 851968K
}
Event: 168.103 GC heap before
{Heap before GC invocations=10 (full 0):
 garbage-first heap   total 233472K, used 26421K [0x0000000680000000, 0x0000000800000000)
  region size 4096K, 2 young (8192K), 1 survivors (4096K)
 Metaspace       used 17195K, committed 17472K, reserved 917504K
  class space    used 2524K, committed 2624K, reserved 851968K
}
Event: 168.111 GC heap after
{Heap after GC invocations=11 (full 0):
 garbage-first heap   total 233472K, used 22505K [0x0000000680000000, 0x0000000800000000)
  region size 4096K, 1 young (4096K), 1 survivors (4096K)
 Metaspace       used 17195K, committed 17472K, reserved 917504K
  class space    used 2524K, committed 2624K, reserved 851968K
}
Event: 168.922 GC heap before
{Heap before GC invocations=11 (full 0):
 garbage-first heap   total 233472K, used 26601K [0x0000000680000000, 0x0000000800000000)
  region size 4096K, 2 young (8192K), 1 survivors (4096K)
 Metaspace       used 17763K, committed 18048K, reserved 917504K
  class space    used 2620K, committed 2752K, reserved 851968K
}
Event: 168.929 GC heap after
{Heap after GC invocations=12 (full 0):
 garbage-first heap   total 233472K, used 22547K [0x0000000680000000, 0x0000000800000000)
  region size 4096K, 1 young (4096K), 1 survivors (4096K)
 Metaspace       used 17763K, committed 18048K, reserved 917504K
  class space    used 2620K, committed 2752K, reserved 851968K
}
Event: 169.389 GC heap before
{Heap before GC invocations=12 (full 0):
 garbage-first heap   total 233472K, used 26643K [0x0000000680000000, 0x0000000800000000)
  region size 4096K, 2 young (8192K), 1 survivors (4096K)
 Metaspace       used 18176K, committed 18432K, reserved 917504K
  class space    used 2687K, committed 2816K, reserved 851968K
}
Event: 169.398 GC heap after
{Heap after GC invocations=13 (full 0):
 garbage-first heap   total 233472K, used 22736K [0x0000000680000000, 0x0000000800000000)
  region size 4096K, 1 young (4096K), 1 survivors (4096K)
 Metaspace       used 18176K, committed 18432K, reserved 917504K
  class space    used 2687K, committed 2816K, reserved 851968K
}
Event: 170.213 GC heap before
{Heap before GC invocations=13 (full 0):
 garbage-first heap   total 233472K, used 26832K [0x0000000680000000, 0x0000000800000000)
  region size 4096K, 2 young (8192K), 1 survivors (4096K)
 Metaspace       used 18512K, committed 18816K, reserved 917504K
  class space    used 2745K, committed 2880K, reserved 851968K
}
Event: 170.220 GC heap after
{Heap after GC invocations=14 (full 0):
 garbage-first heap   total 233472K, used 23038K [0x0000000680000000, 0x0000000800000000)
  region size 4096K, 1 young (4096K), 1 survivors (4096K)
 Metaspace       used 18512K, committed 18816K, reserved 917504K
  class space    used 2745K, committed 2880K, reserved 851968K
}
Event: 173.095 GC heap before
{Heap before GC invocations=14 (full 0):
 garbage-first heap   total 233472K, used 35326K [0x0000000680000000, 0x0000000800000000)
  region size 4096K, 4 young (16384K), 1 survivors (4096K)
 Metaspace       used 19643K, committed 19904K, reserved 917504K
  class space    used 2934K, committed 3072K, reserved 851968K
}
Event: 173.116 GC heap after
{Heap after GC invocations=15 (full 0):
 garbage-first heap   total 233472K, used 23776K [0x0000000680000000, 0x0000000800000000)
  region size 4096K, 1 young (4096K), 1 survivors (4096K)
 Metaspace       used 19643K, committed 19904K, reserved 917504K
  class space    used 2934K, committed 3072K, reserved 851968K
}
Event: 179.597 GC heap before
{Heap before GC invocations=15 (full 0):
 garbage-first heap   total 233472K, used 36064K [0x0000000680000000, 0x0000000800000000)
  region size 4096K, 4 young (16384K), 1 survivors (4096K)
 Metaspace       used 20953K, committed 21312K, reserved 917504K
  class space    used 3126K, committed 3264K, reserved 851968K
}
Event: 179.661 GC heap after
{Heap after GC invocations=16 (full 0):
 garbage-first heap   total 233472K, used 24405K [0x0000000680000000, 0x0000000800000000)
  region size 4096K, 1 young (4096K), 1 survivors (4096K)
 Metaspace       used 20953K, committed 21312K, reserved 917504K
  class space    used 3126K, committed 3264K, reserved 851968K
}
Event: 180.403 GC heap before
{Heap before GC invocations=16 (full 0):
 garbage-first heap   total 233472K, used 24405K [0x0000000680000000, 0x0000000800000000)
  region size 4096K, 2 young (8192K), 1 survivors (4096K)
 Metaspace       used 21234K, committed 21504K, reserved 917504K
  class space    used 3172K, committed 3328K, reserved 851968K
}
Event: 180.450 GC heap after
{Heap after GC invocations=17 (full 0):
 garbage-first heap   total 233472K, used 24589K [0x0000000680000000, 0x0000000800000000)
  region size 4096K, 1 young (4096K), 1 survivors (4096K)
 Metaspace       used 21234K, committed 21504K, reserved 917504K
  class space    used 3172K, committed 3328K, reserved 851968K
}
Event: 222.307 GC heap before
{Heap before GC invocations=18 (full 0):
 garbage-first heap   total 139264K, used 40973K [0x0000000680000000, 0x0000000800000000)
  region size 4096K, 6 young (24576K), 1 survivors (4096K)
 Metaspace       used 23247K, committed 23616K, reserved 917504K
  class space    used 3502K, committed 3648K, reserved 851968K
}

