# JRE version: OpenJDK Runtime Environment Temurin-17.0.19+10 (17.0.19+10) (build 17.0.19+10)
# Java VM: OpenJDK 64-Bit Server VM Temurin-17.0.19+10 (17.0.19+10, mixed mode, emulated-client, sharing, tiered, compressed oops, compressed class ptrs, g1 gc, windows-amd64)
GC Precious Log:
 CPUs: 12 total, 2 available
 Memory: 11624M
 Large Page Support: Disabled
 NUMA Support: Disabled
 Compressed Oops: Enabled (Zero based)
 Heap Region Size: 4M
 Heap Min Capacity: 8M
 Heap Initial Capacity: 184M
 Heap Max Capacity: 6G
 Pre-touch: Disabled
 Parallel Workers: 2
 Concurrent Workers: 1
 Concurrent Refinement Workers: 2
 Periodic GC: Disabled
Heap:
 garbage-first heap   total 122880K, used 82359K [0x0000000680000000, 0x0000000800000000)
  region size 4096K, 17 young (69632K), 2 survivors (8192K)
 Metaspace       used 26760K, committed 27072K, reserved 917504K
  class space    used 4116K, committed 4288K, reserved 851968K
GC Heap History (16 events):
Event: 3.871 GC heap before
{Heap before GC invocations=0 (full 0):
 garbage-first heap   total 188416K, used 8192K [0x0000000680000000, 0x0000000800000000)
  region size 4096K, 2 young (8192K), 0 survivors (0K)
 Metaspace       used 524K, committed 640K, reserved 917504K
  class space    used 60K, committed 128K, reserved 851968K
}
Event: 3.890 GC heap after
{Heap after GC invocations=1 (full 0):
 garbage-first heap   total 188416K, used 1052K [0x0000000680000000, 0x0000000800000000)
  region size 4096K, 1 young (4096K), 1 survivors (4096K)
 Metaspace       used 524K, committed 640K, reserved 917504K
  class space    used 60K, committed 128K, reserved 851968K
}
Event: 4.818 GC heap before
{Heap before GC invocations=1 (full 0):
 garbage-first heap   total 188416K, used 5148K [0x0000000680000000, 0x0000000800000000)
  region size 4096K, 2 young (8192K), 1 survivors (4096K)
 Metaspace       used 524K, committed 640K, reserved 917504K
  class space    used 60K, committed 128K, reserved 851968K
}
Event: 4.821 GC heap after
{Heap after GC invocations=2 (full 0):
 garbage-first heap   total 188416K, used 1183K [0x0000000680000000, 0x0000000800000000)
  region size 4096K, 1 young (4096K), 1 survivors (4096K)
 Metaspace       used 524K, committed 640K, reserved 917504K
  class space    used 60K, committed 128K, reserved 851968K
}
Event: 8.298 GC heap before
{Heap before GC invocations=2 (full 0):
 garbage-first heap   total 188416K, used 17567K [0x0000000680000000, 0x0000000800000000)
  region size 4096K, 5 young (20480K), 1 survivors (4096K)
 Metaspace       used 696K, committed 832K, reserved 917504K
  class space    used 72K, committed 128K, reserved 851968K
}
Event: 8.307 GC heap after
{Heap after GC invocations=3 (full 0):
 garbage-first heap   total 188416K, used 4780K [0x0000000680000000, 0x0000000800000000)
  region size 4096K, 1 young (4096K), 1 survivors (4096K)
 Metaspace       used 696K, committed 832K, reserved 917504K
  class space    used 72K, committed 128K, reserved 851968K
}
Event: 16.013 GC heap before
{Heap before GC invocations=3 (full 0):
 garbage-first heap   total 188416K, used 74412K [0x0000000680000000, 0x0000000800000000)
  region size 4096K, 17 young (69632K), 1 survivors (4096K)
 Metaspace       used 3750K, committed 3904K, reserved 917504K
  class space    used 570K, committed 640K, reserved 851968K
}
Event: 16.125 GC heap after
{Heap after GC invocations=4 (full 0):
 garbage-first heap   total 188416K, used 13159K [0x0000000680000000, 0x0000000800000000)
  region size 4096K, 3 young (12288K), 3 survivors (12288K)
 Metaspace       used 3750K, committed 3904K, reserved 917504K
  class space    used 570K, committed 640K, reserved 851968K
}
Event: 27.065 GC heap before
{Heap before GC invocations=4 (full 0):
 garbage-first heap   total 188416K, used 74599K [0x0000000680000000, 0x0000000800000000)
  region size 4096K, 18 young (73728K), 3 survivors (12288K)
 Metaspace       used 10771K, committed 11008K, reserved 917504K
  class space    used 1628K, committed 1728K, reserved 851968K
}
Event: 27.104 GC heap after
{Heap after GC invocations=5 (full 0):
 garbage-first heap   total 188416K, used 20704K [0x0000000680000000, 0x0000000800000000)
  region size 4096K, 3 young (12288K), 3 survivors (12288K)
 Metaspace       used 10771K, committed 11008K, reserved 917504K
  class space    used 1628K, committed 1728K, reserved 851968K
}
Event: 28.073 GC heap before
{Heap before GC invocations=5 (full 0):
 garbage-first heap   total 188416K, used 37088K [0x0000000680000000, 0x0000000800000000)
  region size 4096K, 7 young (28672K), 3 survivors (12288K)
 Metaspace       used 12776K, committed 13056K, reserved 917504K
  class space    used 1958K, committed 2112K, reserved 851968K
}
Event: 28.100 GC heap after
{Heap after GC invocations=6 (full 0):
 garbage-first heap   total 188416K, used 22277K [0x0000000680000000, 0x0000000800000000)
  region size 4096K, 1 young (4096K), 1 survivors (4096K)
 Metaspace       used 12776K, committed 13056K, reserved 917504K
  class space    used 1958K, committed 2112K, reserved 851968K
}
Event: 65.130 GC heap before
{Heap before GC invocations=6 (full 0):
 garbage-first heap   total 188416K, used 96005K [0x0000000680000000, 0x0000000800000000)
  region size 4096K, 19 young (77824K), 1 survivors (4096K)
 Metaspace       used 20602K, committed 20864K, reserved 917504K
  class space    used 3076K, committed 3200K, reserved 851968K
}
Event: 65.144 GC heap after
{Heap after GC invocations=7 (full 0):
 garbage-first heap   total 188416K, used 24670K [0x0000000680000000, 0x0000000800000000)
  region size 4096K, 1 young (4096K), 1 survivors (4096K)
 Metaspace       used 20602K, committed 20864K, reserved 917504K
  class space    used 3076K, committed 3200K, reserved 851968K
}
Event: 66.403 GC heap before
{Heap before GC invocations=7 (full 0):
 garbage-first heap   total 188416K, used 32862K [0x0000000680000000, 0x0000000800000000)
  region size 4096K, 4 young (16384K), 1 survivors (4096K)
 Metaspace       used 21224K, committed 21504K, reserved 917504K
  class space    used 3171K, committed 3328K, reserved 851968K
}
Event: 66.412 GC heap after
{Heap after GC invocations=8 (full 0):
 garbage-first heap   total 188416K, used 25015K [0x0000000680000000, 0x0000000800000000)
  region size 4096K, 2 young (8192K), 2 survivors (8192K)
 Metaspace       used 21224K, committed 21504K, reserved 917504K
  class space    used 3171K, committed 3328K, reserved 851968K
}

