# JRE version: OpenJDK Runtime Environment Temurin-17.0.19+10 (17.0.19+10) (build 17.0.19+10)
# Java VM: OpenJDK 64-Bit Server VM Temurin-17.0.19+10 (17.0.19+10, mixed mode, emulated-client, sharing, tiered, compressed oops, compressed class ptrs, g1 gc, windows-amd64)
GC Precious Log:
 CPUs: 12 total, 2 available
 Memory: 11624M
 Large Page Support: Disabled
 NUMA Support: Disabled
 Compressed Oops: Enabled (Zero based)
 Heap Region Size: 4M
 Heap Min Capacity: 8M
 Heap Initial Capacity: 184M
 Heap Max Capacity: 6G
 Pre-touch: Disabled
 Parallel Workers: 2
 Concurrent Workers: 1
 Concurrent Refinement Workers: 2
 Periodic GC: Disabled
Heap:
 garbage-first heap   total 188416K, used 23447K [0x0000000680000000, 0x0000000800000000)
  region size 4096K, 1 young (4096K), 1 survivors (4096K)
 Metaspace       used 19398K, committed 19648K, reserved 917504K
  class space    used 2901K, committed 3008K, reserved 851968K
GC Heap History (15 events):
Event: 1.632 GC heap before
{Heap before GC invocations=0 (full 0):
 garbage-first heap   total 188416K, used 8192K [0x0000000680000000, 0x0000000800000000)
  region size 4096K, 2 young (8192K), 0 survivors (0K)
 Metaspace       used 523K, committed 640K, reserved 917504K
  class space    used 60K, committed 128K, reserved 851968K
}
Event: 1.686 GC heap after
{Heap after GC invocations=1 (full 0):
 garbage-first heap   total 188416K, used 1035K [0x0000000680000000, 0x0000000800000000)
  region size 4096K, 1 young (4096K), 1 survivors (4096K)
 Metaspace       used 523K, committed 640K, reserved 917504K
  class space    used 60K, committed 128K, reserved 851968K
}
Event: 1.975 GC heap before
{Heap before GC invocations=1 (full 0):
 garbage-first heap   total 188416K, used 5131K [0x0000000680000000, 0x0000000800000000)
  region size 4096K, 2 young (8192K), 1 survivors (4096K)
 Metaspace       used 524K, committed 640K, reserved 917504K
  class space    used 60K, committed 128K, reserved 851968K
}
Event: 1.979 GC heap after
{Heap after GC invocations=2 (full 0):
 garbage-first heap   total 188416K, used 1306K [0x0000000680000000, 0x0000000800000000)
  region size 4096K, 1 young (4096K), 1 survivors (4096K)
 Metaspace       used 524K, committed 640K, reserved 917504K
  class space    used 60K, committed 128K, reserved 851968K
}
Event: 3.329 GC heap before
{Heap before GC invocations=2 (full 0):
 garbage-first heap   total 188416K, used 21786K [0x0000000680000000, 0x0000000800000000)
  region size 4096K, 6 young (24576K), 1 survivors (4096K)
 Metaspace       used 1076K, committed 1216K, reserved 917504K
  class space    used 135K, committed 192K, reserved 851968K
}
Event: 3.338 GC heap after
{Heap after GC invocations=3 (full 0):
 garbage-first heap   total 188416K, used 10190K [0x0000000680000000, 0x0000000800000000)
  region size 4096K, 1 young (4096K), 1 survivors (4096K)
 Metaspace       used 1076K, committed 1216K, reserved 917504K
  class space    used 135K, committed 192K, reserved 851968K
}
Event: 10.805 GC heap before
{Heap before GC invocations=3 (full 0):
 garbage-first heap   total 188416K, used 116686K [0x0000000680000000, 0x0000000800000000)
  region size 4096K, 27 young (110592K), 1 survivors (4096K)
 Metaspace       used 8099K, committed 8320K, reserved 917504K
  class space    used 1231K, committed 1344K, reserved 851968K
}
Event: 10.828 GC heap after
{Heap after GC invocations=4 (full 0):
 garbage-first heap   total 188416K, used 19075K [0x0000000680000000, 0x0000000800000000)
  region size 4096K, 4 young (16384K), 4 survivors (16384K)
 Metaspace       used 8099K, committed 8320K, reserved 917504K
  class space    used 1231K, committed 1344K, reserved 851968K
}
Event: 12.976 GC heap before
{Heap before GC invocations=4 (full 0):
 garbage-first heap   total 188416K, used 51843K [0x0000000680000000, 0x0000000800000000)
  region size 4096K, 12 young (49152K), 4 survivors (16384K)
 Metaspace       used 12518K, committed 12864K, reserved 917504K
  class space    used 1926K, committed 2112K, reserved 851968K
}
Event: 13.041 GC heap after
{Heap after GC invocations=5 (full 0):
 garbage-first heap   total 188416K, used 21939K [0x0000000680000000, 0x0000000800000000)
  region size 4096K, 1 young (4096K), 1 survivors (4096K)
 Metaspace       used 12518K, committed 12864K, reserved 917504K
  class space    used 1926K, committed 2112K, reserved 851968K
}
Event: 179.252 GC heap before
{Heap before GC invocations=5 (full 0):
 garbage-first heap   total 188416K, used 91571K [0x0000000680000000, 0x0000000800000000)
  region size 4096K, 19 young (77824K), 1 survivors (4096K)
 Metaspace       used 18690K, committed 19008K, reserved 917504K
  class space    used 2778K, committed 2944K, reserved 851968K
}
Event: 181.006 GC heap after
{Heap after GC invocations=6 (full 0):
 garbage-first heap   total 188416K, used 23173K [0x0000000680000000, 0x0000000800000000)
  region size 4096K, 1 young (4096K), 1 survivors (4096K)
 Metaspace       used 18690K, committed 19008K, reserved 917504K
  class space    used 2778K, committed 2944K, reserved 851968K
}
Event: 182.869 GC heap before
{Heap before GC invocations=6 (full 0):
 garbage-first heap   total 188416K, used 27269K [0x0000000680000000, 0x0000000800000000)
  region size 4096K, 2 young (8192K), 1 survivors (4096K)
 Metaspace       used 19055K, committed 19328K, reserved 917504K
  class space    used 2839K, committed 2944K, reserved 851968K
}
Event: 182.987 GC heap after
{Heap after GC invocations=7 (full 0):
 garbage-first heap   total 188416K, used 23645K [0x0000000680000000, 0x0000000800000000)
  region size 4096K, 1 young (4096K), 1 survivors (4096K)
 Metaspace       used 19055K, committed 19328K, reserved 917504K
  class space    used 2839K, committed 2944K, reserved 851968K
}
Event: 184.710 GC heap before
{Heap before GC invocations=7 (full 0):
 garbage-first heap   total 188416K, used 27741K [0x0000000680000000, 0x0000000800000000)
  region size 4096K, 2 young (8192K), 1 survivors (4096K)
 Metaspace       used 19398K, committed 19648K, reserved 917504K
  class space    used 2901K, committed 3008K, reserved 851968K
}

