# JRE version: OpenJDK Runtime Environment Temurin-17.0.19+10 (17.0.19+10) (build 17.0.19+10)
# Java VM: OpenJDK 64-Bit Server VM Temurin-17.0.19+10 (17.0.19+10, mixed mode, emulated-client, sharing, tiered, compressed oops, compressed class ptrs, g1 gc, windows-amd64)
GC Precious Log:
 CPUs: 12 total, 2 available
 Memory: 11624M
 Large Page Support: Disabled
 NUMA Support: Disabled
 Compressed Oops: Enabled (Zero based)
 Heap Region Size: 4M
 Heap Min Capacity: 8M
 Heap Initial Capacity: 184M
 Heap Max Capacity: 6G
 Pre-touch: Disabled
 Parallel Workers: 2
 Concurrent Workers: 1
 Concurrent Refinement Workers: 2
 Periodic GC: Disabled
Heap:
 garbage-first heap   total 139264K, used 41123K [0x0000000680000000, 0x0000000800000000)
  region size 4096K, 4 young (16384K), 1 survivors (4096K)
 Metaspace       used 35300K, committed 35968K, reserved 917504K
  class space    used 5379K, committed 5696K, reserved 851968K
GC Heap History (20 events):
Event: 2.666 GC heap before
{Heap before GC invocations=2 (full 0):
 garbage-first heap   total 188416K, used 21688K [0x0000000680000000, 0x0000000800000000)
  region size 4096K, 6 young (24576K), 1 survivors (4096K)
 Metaspace       used 1076K, committed 1216K, reserved 917504K
  class space    used 135K, committed 192K, reserved 851968K
}
Event: 2.675 GC heap after
{Heap after GC invocations=3 (full 0):
 garbage-first heap   total 188416K, used 10275K [0x0000000680000000, 0x0000000800000000)
  region size 4096K, 1 young (4096K), 1 survivors (4096K)
 Metaspace       used 1076K, committed 1216K, reserved 917504K
  class space    used 135K, committed 192K, reserved 851968K
}
Event: 9.249 GC heap before
{Heap before GC invocations=3 (full 0):
 garbage-first heap   total 188416K, used 116771K [0x0000000680000000, 0x0000000800000000)
  region size 4096K, 27 young (110592K), 1 survivors (4096K)
 Metaspace       used 8186K, committed 8384K, reserved 917504K
  class space    used 1233K, committed 1344K, reserved 851968K
}
Event: 9.278 GC heap after
{Heap after GC invocations=4 (full 0):
 garbage-first heap   total 188416K, used 19101K [0x0000000680000000, 0x0000000800000000)
  region size 4096K, 4 young (16384K), 4 survivors (16384K)
 Metaspace       used 8186K, committed 8384K, reserved 917504K
  class space    used 1233K, committed 1344K, reserved 851968K
}
Event: 10.340 GC heap before
{Heap before GC invocations=4 (full 0):
 garbage-first heap   total 188416K, used 51869K [0x0000000680000000, 0x0000000800000000)
  region size 4096K, 12 young (49152K), 4 survivors (16384K)
 Metaspace       used 12519K, committed 12864K, reserved 917504K
  class space    used 1925K, committed 2112K, reserved 851968K
}
Event: 10.405 GC heap after
{Heap after GC invocations=5 (full 0):
 garbage-first heap   total 188416K, used 22039K [0x0000000680000000, 0x0000000800000000)
  region size 4096K, 1 young (4096K), 1 survivors (4096K)
 Metaspace       used 12519K, committed 12864K, reserved 917504K
  class space    used 1925K, committed 2112K, reserved 851968K
}
Event: 86.957 GC heap before
{Heap before GC invocations=5 (full 0):
 garbage-first heap   total 188416K, used 91671K [0x0000000680000000, 0x0000000800000000)
  region size 4096K, 18 young (73728K), 1 survivors (4096K)
 Metaspace       used 19707K, committed 19968K, reserved 917504K
  class space    used 2942K, committed 3072K, reserved 851968K
}
Event: 87.007 GC heap after
{Heap after GC invocations=6 (full 0):
 garbage-first heap   total 188416K, used 23716K [0x0000000680000000, 0x0000000800000000)
  region size 4096K, 2 young (8192K), 2 survivors (8192K)
 Metaspace       used 19707K, committed 19968K, reserved 917504K
  class space    used 2942K, committed 3072K, reserved 851968K
}
Event: 90.105 GC heap before
{Heap before GC invocations=6 (full 0):
 garbage-first heap   total 188416K, used 40100K [0x0000000680000000, 0x0000000800000000)
  region size 4096K, 7 young (28672K), 2 survivors (8192K)
 Metaspace       used 21225K, committed 21504K, reserved 917504K
  class space    used 3172K, committed 3328K, reserved 851968K
}
Event: 90.134 GC heap after
{Heap after GC invocations=7 (full 0):
 garbage-first heap   total 188416K, used 24653K [0x0000000680000000, 0x0000000800000000)
  region size 4096K, 2 young (8192K), 2 survivors (8192K)
 Metaspace       used 21225K, committed 21504K, reserved 917504K
  class space    used 3172K, committed 3328K, reserved 851968K
}
Event: 169.429 GC heap before
{Heap before GC invocations=8 (full 0):
 garbage-first heap   total 122880K, used 98381K [0x0000000680000000, 0x0000000800000000)
  region size 4096K, 21 young (86016K), 2 survivors (8192K)
 Metaspace       used 28352K, committed 28736K, reserved 917504K
  class space    used 4389K, committed 4608K, reserved 851968K
}
Event: 169.835 GC heap after
{Heap after GC invocations=9 (full 0):
 garbage-first heap   total 122880K, used 26939K [0x0000000680000000, 0x0000000800000000)
  region size 4096K, 2 young (8192K), 2 survivors (8192K)
 Metaspace       used 28352K, committed 28736K, reserved 917504K
  class space    used 4389K, committed 4608K, reserved 851968K
}
Event: 170.160 GC heap before
{Heap before GC invocations=9 (full 0):
 garbage-first heap   total 122880K, used 31035K [0x0000000680000000, 0x0000000800000000)
  region size 4096K, 3 young (12288K), 2 survivors (8192K)
 Metaspace       used 29150K, committed 29504K, reserved 917504K
  class space    used 4419K, committed 4608K, reserved 851968K
}
Event: 170.211 GC heap after
{Heap after GC invocations=10 (full 0):
 garbage-first heap   total 122880K, used 27774K [0x0000000680000000, 0x0000000800000000)
  region size 4096K, 1 young (4096K), 1 survivors (4096K)
 Metaspace       used 29150K, committed 29504K, reserved 917504K
  class space    used 4419K, committed 4608K, reserved 851968K
}
Event: 229.271 GC heap before
{Heap before GC invocations=10 (full 0):
 garbage-first heap   total 122880K, used 89214K [0x0000000680000000, 0x0000000800000000)
  region size 4096K, 16 young (65536K), 1 survivors (4096K)
 Metaspace       used 34595K, committed 35264K, reserved 917504K
  class space    used 5251K, committed 5568K, reserved 851968K
}
Event: 229.367 GC heap after
{Heap after GC invocations=11 (full 0):
 garbage-first heap   total 200704K, used 32246K [0x0000000680000000, 0x0000000800000000)
  region size 4096K, 2 young (8192K), 2 survivors (8192K)
 Metaspace       used 34595K, committed 35264K, reserved 917504K
  class space    used 5251K, committed 5568K, reserved 851968K
}
Event: 267.599 GC heap before
{Heap before GC invocations=12 (full 0):
 garbage-first heap   total 139264K, used 65014K [0x0000000680000000, 0x0000000800000000)
  region size 4096K, 10 young (40960K), 2 survivors (8192K)
 Metaspace       used 34949K, committed 35648K, reserved 917504K
  class space    used 5313K, committed 5632K, reserved 851968K
}
Event: 268.330 GC heap after
{Heap after GC invocations=13 (full 0):
 garbage-first heap   total 139264K, used 33011K [0x0000000680000000, 0x0000000800000000)
  region size 4096K, 1 young (4096K), 1 survivors (4096K)
 Metaspace       used 34949K, committed 35648K, reserved 917504K
  class space    used 5313K, committed 5632K, reserved 851968K
}
Event: 268.722 GC heap before
{Heap before GC invocations=13 (full 0):
 garbage-first heap   total 139264K, used 37107K [0x0000000680000000, 0x0000000800000000)
  region size 4096K, 2 young (8192K), 1 survivors (4096K)
 Metaspace       used 34949K, committed 35648K, reserved 917504K
  class space    used 5313K, committed 5632K, reserved 851968K
}
Event: 268.746 GC heap after
{Heap after GC invocations=14 (full 0):
 garbage-first heap   total 139264K, used 32931K [0x0000000680000000, 0x0000000800000000)
  region size 4096K, 1 young (4096K), 1 survivors (4096K)
 Metaspace       used 34949K, committed 35648K, reserved 917504K
  class space    used 5313K, committed 5632K, reserved 851968K
}

